<?xml version="1.0" encoding="UTF-8"?>
<!-- Generated by org.testng.reporters.JUnitXMLReporter -->
<testsuite hostname="DESKTOP-ODFPRUL" ignored="12" name=" Regression Test" tests="1" failures="0" timestamp="2020-01-16T22:04:38 EST" time="18.024" errors="0">
  <testcase name="validLogin" time="5.189" classname="com.class01.HW"/>
  <testcase name="emptyPassword" time="0.0" classname="com.class01.HW">
    <ignored/>
  </testcase> <!-- emptyPassword -->
  <testcase name="validLogin" time="0.0" classname="com.class01.TitleLogoAndLoginVerification">
    <ignored/>
  </testcase> <!-- validLogin -->
  <testcase name="test03" time="0.0" classname="com.class01.Task">
    <ignored/>
  </testcase> <!-- test03 -->
  <testcase name="test" time="0.0" classname="com.class01.Task2">
    <ignored/>
  </testcase> <!-- test -->
  <testcase name="titleValidation" time="0.0" classname="com.class01.TitleLogoAndLoginVerification">
    <ignored/>
  </testcase> <!-- titleValidation -->
  <testcase name="test" time="0.0" classname="com.class01.DifferentAnnotations">
    <ignored/>
  </testcase> <!-- test -->
  <testcase name="test02" time="0.0" classname="com.class01.Task">
    <ignored/>
  </testcase> <!-- test02 -->
  <testcase name="test01" time="0.0" classname="com.class01.Task">
    <ignored/>
  </testcase> <!-- test01 -->
  <testcase name="testTwo" time="0.0" classname="com.class01.TestNGDemo">
    <ignored/>
  </testcase> <!-- testTwo -->
  <testcase name="testOne" time="0.0" classname="com.class01.TestNGDemo">
    <ignored/>
  </testcase> <!-- testOne -->
  <testcase name="testThree" time="0.0" classname="com.class01.TestNGDemo">
    <ignored/>
  </testcase> <!-- testThree -->
  <testcase name="logoValidation" time="0.0" classname="com.class01.TitleLogoAndLoginVerification">
    <ignored/>
  </testcase> <!-- logoValidation -->
</testsuite> <!--  Regression Test -->
