<?xml version="1.0" encoding="UTF-8"?>
<testng-results skipped="0" failed="0" ignored="0" total="1" passed="1">
  <reporter-output>
  </reporter-output>
  <suite name="Default suite" duration-ms="13390" started-at="2020-01-19T16:00:35 EST" finished-at="2020-01-19T16:00:48 EST">
    <groups>
    </groups>
    <test name="Default test" duration-ms="13390" started-at="2020-01-19T16:00:35 EST" finished-at="2020-01-19T16:00:48 EST">
      <class name="com.HomeWork.HomeWork">
        <test-method status="PASS" signature="setUp()[pri:0, instance:com.HomeWork.HomeWork@3b0143d3]" name="setUp" is-config="true" duration-ms="10756" started-at="2020-01-19T16:00:35 EST" finished-at="2020-01-19T16:00:46 EST">
          <reporter-output>
          </reporter-output>
        </test-method> <!-- setUp -->
        <test-method status="PASS" signature="login()[pri:0, instance:com.HomeWork.HomeWork@3b0143d3]" name="login" duration-ms="1974" started-at="2020-01-19T16:00:46 EST" finished-at="2020-01-19T16:00:48 EST">
          <reporter-output>
          </reporter-output>
        </test-method> <!-- login -->
        <test-method status="PASS" signature="tearDown()[pri:0, instance:com.HomeWork.HomeWork@3b0143d3]" name="tearDown" is-config="true" duration-ms="624" started-at="2020-01-19T16:00:48 EST" finished-at="2020-01-19T16:00:48 EST">
          <reporter-output>
          </reporter-output>
        </test-method> <!-- tearDown -->
      </class> <!-- com.HomeWork.HomeWork -->
    </test> <!-- Default test -->
  </suite> <!-- Default suite -->
</testng-results>
